<?xml version="1.0"?>
<VMwareUserExperienceProgram version="1.0">
  <HostUUID>42 12 d6 ea 40 f5 f2 27-1e c5 9c 24 87 fd 35 36</HostUUID>
  <VMwareProductName>VMware Workstation</VMwareProductName>
  <VMwareProductVersion>10.0.0</VMwareProductVersion>
  <VMwareProductBuild>1295980</VMwareProductBuild>
  <VMwareLicense>Workstation Trial</VMwareLicense>
  <HostOS>Windows</HostOS>
  <HostArch>64</HostArch>
  <HostVersion>Windows Unknown Version 6.3 , 64-bit  (Build 9600) 6.3.9600</HostVersion>
  <HostLocale>0x0407</HostLocale>
  <OptionalData>
    <HostModel/>
    <HostCPUID>00000000:0000000D756E65476C65746E49656E69-00000001:000306E402010800FEBA22230FABFBFF-0000000A:073004010000007F0000000000000000-80000000:80000008000000000000000000000000-80000001:00000000000000000000000128100000-80000008:00003028000000000000000000000000</HostCPUID>
    <HostLogicalCores>2</HostLogicalCores>
    <HostRAMinMB>4096</HostRAMinMB>
    <HostGPUList>
      <HostGPU>
        <GPUDescription>VMware SVGA 3D</GPUDescription>
        <GPUVRAM>0</GPUVRAM>
      </HostGPU>
    </HostGPUList>
    <HostDisplayList>
      <HostDisplay>
        <DisplayWidth>1024</DisplayWidth>
        <DisplayHeight>768</DisplayHeight>
      </HostDisplay>
    </HostDisplayList>
    <ActionLog>
      <Action>
        <Time>1393490898</Time>
        <Act>ConnectToServer</Act>
        <ID/>
        <Detail>VMware Workstation 10.0.0 (local hostd)</Detail>
      </Action>
      <Action>
        <Time>1393491027</Time>
        <Act>ViewMode</Act>
        <ID>8a aa 9e a0 d6 6a ac 36-29 9e d9 65 90 10 d8 6b</ID>
        <Detail>Console</Detail>
      </Action>
      <Action>
        <Time>1393491027</Time>
        <Act>PowerOnVM</Act>
        <ID>8a aa 9e a0 d6 6a ac 36-29 9e d9 65 90 10 d8 6b</ID>
        <Detail>windows7srv-64</Detail>
      </Action>
      <Action>
        <Time>1393491027</Time>
        <Act>HardwareVersion</Act>
        <ID>8a aa 9e a0 d6 6a ac 36-29 9e d9 65 90 10 d8 6b</ID>
        <Detail>9</Detail>
      </Action>
      <Action>
        <Time>1393491027</Time>
        <Act>ConnectToServer</Act>
        <ID/>
        <Detail>VMware Workstation 10.0.0 (local hostd)</Detail>
      </Action>
    </ActionLog>
  </OptionalData>
</VMwareUserExperienceProgram>
